<?xml version="1.0" encoding="UTF-8"?>
<!-- Generated by org.testng.reporters.JUnitReportReporter -->
<testsuite skipped="0" hostname="LAPTOP-41KTQ5SV" name="sprint1.S0634_CreateLegalEntity" tests="1" failures="0" timestamp="2022-05-29T15:01:45 IST" time="11.399" errors="0">
  <testcase name="testLegalEntity" time="11.399" classname="sprint1.S0634_CreateLegalEntity"/>
  <system-out/>
</testsuite> <!-- sprint1.S0634_CreateLegalEntity -->
