<?xml version="1.0" encoding="UTF-8"?>
<!-- Generated by org.testng.reporters.JUnitReportReporter -->
<testsuite skipped="0" hostname="LAPTOP-41KTQ5SV" name="sprint2.S06227_DeleteContract" tests="1" failures="0" timestamp="2022-06-25T14:39:44 IST" time="24.148" errors="0">
  <testcase name="deleteContract" time="24.148" classname="sprint2.S06227_DeleteContract"/>
  <system-out/>
</testsuite> <!-- sprint2.S06227_DeleteContract -->
