<?xml version="1.0" encoding="UTF-8"?>
<!-- Generated by org.testng.reporters.JUnitReportReporter -->
<testsuite skipped="0" hostname="LAPTOP-41KTQ5SV" name="sprint2.S06226_EditContract" tests="1" failures="0" timestamp="2022-06-18T17:37:11 IST" time="28.670" errors="0">
  <testcase name="editContract" time="28.670" classname="sprint2.S06226_EditContract"/>
  <system-out/>
</testsuite> <!-- sprint2.S06226_EditContract -->
