<?xml version="1.0" encoding="UTF-8"?>
<!-- Generated by org.testng.reporters.JUnitReportReporter -->
<testsuite skipped="0" hostname="LAPTOP-41KTQ5SV" name="sprint2.S06228_CreateContractWithoutMandatoryField" tests="1" failures="0" timestamp="2022-06-24T09:34:04 IST" time="23.492" errors="0">
  <testcase name="contractwithoutMandfield" time="23.492" classname="sprint2.S06228_CreateContractWithoutMandatoryField"/>
  <system-out/>
</testsuite> <!-- sprint2.S06228_CreateContractWithoutMandatoryField -->
