<?xml version="1.0" encoding="UTF-8"?>
<!-- Generated by org.testng.reporters.JUnitReportReporter -->
<testsuite skipped="0" hostname="LAPTOP-41KTQ5SV" name="sprint1.S0685_CreateRefund" tests="1" failures="0" timestamp="2022-05-21T22:04:26 IST" time="24.476" errors="0">
  <testcase name="CreateRefundtest" time="24.476" classname="sprint1.S0685_CreateRefund"/>
  <system-out/>
</testsuite> <!-- sprint1.S0685_CreateRefund -->
