<?xml version="1.0" encoding="UTF-8"?>
<!-- Generated by org.testng.reporters.JUnitReportReporter -->
<testsuite skipped="0" hostname="LAPTOP-41KTQ5SV" name="sprint2.S06225_CreateNewContract" tests="1" failures="0" timestamp="2022-06-18T11:36:29 IST" time="16.987" errors="0">
  <testcase name="createContract" time="16.987" classname="sprint2.S06225_CreateNewContract"/>
  <system-out/>
</testsuite> <!-- sprint2.S06225_CreateNewContract -->
