<?xml version="1.0" encoding="UTF-8"?>
<!-- Generated by org.testng.reporters.JUnitReportReporter -->
<testsuite skipped="0" hostname="LAPTOP-41KTQ5SV" name="base.BaseClass" tests="1" failures="0" timestamp="2022-06-04T16:24:00 IST" time="4.307" errors="0">
  <testcase name="launchBrowser" time="4.307" classname="base.BaseClass"/>
  <system-out/>
</testsuite> <!-- base.BaseClass -->
