<?xml version="1.0" encoding="UTF-8"?>
<!-- Generated by org.testng.reporters.JUnitReportReporter -->
<testsuite skipped="0" hostname="LAPTOP-41KTQ5SV" name="sprint1.S0630_CreateAccount" tests="1" failures="0" timestamp="2022-06-10T21:26:37 IST" time="19.483" errors="0">
  <testcase name="createAccount" time="19.483" classname="sprint1.S0630_CreateAccount"/>
  <system-out/>
</testsuite> <!-- sprint1.S0630_CreateAccount -->
