<?xml version="1.0" encoding="UTF-8"?>
<!-- Generated by org.testng.reporters.JUnitReportReporter -->
<testsuite skipped="0" hostname="LAPTOP-41KTQ5SV" name="sprint1.S0634_CreateLegalEntity" tests="1" failures="0" timestamp="2022-06-11T15:48:15 IST" time="14.330" errors="0">
  <testcase name="testLegalEntity" time="14.330" classname="sprint1.S0634_CreateLegalEntity"/>
  <system-out/>
</testsuite> <!-- sprint1.S0634_CreateLegalEntity -->
