<?xml version="1.0" encoding="UTF-8"?>
<!-- Generated by org.testng.reporters.JUnitReportReporter -->
<testsuite skipped="0" hostname="LAPTOP-41KTQ5SV" name="sprint1.S0630_CreateAccount" tests="1" failures="0" timestamp="2022-06-24T09:33:36 IST" time="16.679" errors="0">
  <testcase name="createAccount" time="16.679" classname="sprint1.S0630_CreateAccount"/>
  <system-out/>
</testsuite> <!-- sprint1.S0630_CreateAccount -->
